<?xml version="1.0" encoding="UTF-8"?>
<testng-results skipped="0" failed="1" total="1" passed="0">
  <reporter-output>
    <line>
      <![CDATA[Initializing pre object like configData , excelData provider and html reports .. ]]>
    </line>
    <line>
      <![CDATA[prequisit is ready start the application...]]>
    </line>
    <line>
      <![CDATA[Before navigating to browser, we are getting the browsername to launch respective browser.. ]]>
    </line>
    <line>
      <![CDATA[launching the browser:   chrome]]>
    </line>
    <line>
      <![CDATA[Navigating to url:  https://www.crmpro.com/]]>
    </line>
    <line>
      <![CDATA[initializing login page object ]]>
    </line>
    <line>
      <![CDATA[initializing web element on login page ..]]>
    </line>
    <line>
      <![CDATA[Create login Test before start it..]]>
    </line>
    <line>
      <![CDATA[Test is about to end...]]>
    </line>
  </reporter-output>
  <suite name="Default suite" duration-ms="218091" started-at="2019-10-06T04:52:19Z" finished-at="2019-10-06T04:55:58Z">
    <groups>
    </groups>
    <test name="Default test" duration-ms="218091" started-at="2019-10-06T04:52:19Z" finished-at="2019-10-06T04:55:58Z">
      <class name="com.visionit.freecrm.com.visionit.freecrm.testcases.LoginPageTc">
        <test-method status="PASS" signature="intitialize()[pri:0, instance:com.visionit.freecrm.com.visionit.freecrm.testcases.LoginPageTc@55f3ddb1]" name="intitialize" is-config="true" duration-ms="980" started-at="2019-10-06T10:22:18Z" finished-at="2019-10-06T10:22:19Z">
          <reporter-output>
            <line>
              <![CDATA[Initializing pre object like configData , excelData provider and html reports .. ]]>
            </line>
            <line>
              <![CDATA[prequisit is ready start the application...]]>
            </line>
          </reporter-output>
        </test-method> <!-- intitialize -->
        <test-method status="PASS" signature="setUp()[pri:0, instance:com.visionit.freecrm.com.visionit.freecrm.testcases.LoginPageTc@55f3ddb1]" name="setUp" is-config="true" duration-ms="167020" started-at="2019-10-06T10:22:20Z" finished-at="2019-10-06T10:25:07Z">
          <reporter-output>
            <line>
              <![CDATA[Before navigating to browser, we are getting the browsername to launch respective browser.. ]]>
            </line>
            <line>
              <![CDATA[launching the browser:   chrome]]>
            </line>
            <line>
              <![CDATA[Navigating to url:  https://www.crmpro.com/]]>
            </line>
            <line>
              <![CDATA[initializing login page object ]]>
            </line>
            <line>
              <![CDATA[initializing web element on login page ..]]>
            </line>
          </reporter-output>
        </test-method> <!-- setUp -->
        <test-method status="FAIL" signature="verifyloginToCrmProTest(java.lang.String, java.lang.String)[pri:0, instance:com.visionit.freecrm.com.visionit.freecrm.testcases.LoginPageTc@55f3ddb1]" name="verifyloginToCrmProTest" duration-ms="50143" started-at="2019-10-06T10:25:07Z" data-provider="getExcelData" finished-at="2019-10-06T10:25:57Z">
          <params>
            <param index="0">
              <value>
                <![CDATA[mayuri_257]]>
              </value>
            </param>
            <param index="1">
              <value>
                <![CDATA[mayuri$257]]>
              </value>
            </param>
          </params>
          <exception class="org.openqa.selenium.NoSuchElementException">
            <message>
              <![CDATA[no such element: Unable to locate element: {"method":"xpath","selector":"/html/body/table[1]/tbody/tr[1]/td/table/tbody/tr/td[1]"}
  (Session info: chrome=77.0.3865.90)
For documentation on this error, please visit: http://seleniumhq.org/exceptions/no_such_element.html
Build info: version: '3.9.1', revision: '63f7b50', time: '2018-02-07T22:25:02.294Z'
System info: host: 'INSPIRON', ip: '192.168.2.10', os.name: 'Windows 8.1', os.arch: 'amd64', os.version: '6.3', java.version: '1.8.0_161'
Driver info: org.openqa.selenium.chrome.ChromeDriver
Capabilities {acceptInsecureCerts: false, browserName: chrome, browserVersion: 77.0.3865.90, chrome: {chromedriverVersion: 76.0.3809.68 (420c9498db8ce..., userDataDir: C:\Users\Dell\AppData\Local...}, goog:chromeOptions: {debuggerAddress: localhost:50918}, javascriptEnabled: true, networkConnectionEnabled: false, pageLoadStrategy: normal, platform: XP, platformName: XP, proxy: Proxy(), setWindowRect: true, strictFileInteractability: false, timeouts: {implicit: 0, pageLoad: 300000, script: 30000}, unhandledPromptBehavior: dismiss and notify}
Session ID: aa036b99358e3d9404c13b09cccb7695
*** Element info: {Using=xpath, value=/html/body/table[1]/tbody/tr[1]/td/table/tbody/tr/td[1]}]]>
            </message>
            <full-stacktrace>
              <![CDATA[org.openqa.selenium.NoSuchElementException: no such element: Unable to locate element: {"method":"xpath","selector":"/html/body/table[1]/tbody/tr[1]/td/table/tbody/tr/td[1]"}
  (Session info: chrome=77.0.3865.90)
For documentation on this error, please visit: http://seleniumhq.org/exceptions/no_such_element.html
Build info: version: '3.9.1', revision: '63f7b50', time: '2018-02-07T22:25:02.294Z'
System info: host: 'INSPIRON', ip: '192.168.2.10', os.name: 'Windows 8.1', os.arch: 'amd64', os.version: '6.3', java.version: '1.8.0_161'
Driver info: org.openqa.selenium.chrome.ChromeDriver
Capabilities {acceptInsecureCerts: false, browserName: chrome, browserVersion: 77.0.3865.90, chrome: {chromedriverVersion: 76.0.3809.68 (420c9498db8ce..., userDataDir: C:\Users\Dell\AppData\Local...}, goog:chromeOptions: {debuggerAddress: localhost:50918}, javascriptEnabled: true, networkConnectionEnabled: false, pageLoadStrategy: normal, platform: XP, platformName: XP, proxy: Proxy(), setWindowRect: true, strictFileInteractability: false, timeouts: {implicit: 0, pageLoad: 300000, script: 30000}, unhandledPromptBehavior: dismiss and notify}
Session ID: aa036b99358e3d9404c13b09cccb7695
*** Element info: {Using=xpath, value=/html/body/table[1]/tbody/tr[1]/td/table/tbody/tr/td[1]}
	at sun.reflect.NativeConstructorAccessorImpl.newInstance0(Native Method)
	at sun.reflect.NativeConstructorAccessorImpl.newInstance(Unknown Source)
	at sun.reflect.DelegatingConstructorAccessorImpl.newInstance(Unknown Source)
	at java.lang.reflect.Constructor.newInstance(Unknown Source)
	at org.openqa.selenium.remote.http.W3CHttpResponseCodec.createException(W3CHttpResponseCodec.java:187)
	at org.openqa.selenium.remote.http.W3CHttpResponseCodec.decode(W3CHttpResponseCodec.java:122)
	at org.openqa.selenium.remote.http.W3CHttpResponseCodec.decode(W3CHttpResponseCodec.java:49)
	at org.openqa.selenium.remote.HttpCommandExecutor.execute(HttpCommandExecutor.java:160)
	at org.openqa.selenium.remote.service.DriverCommandExecutor.execute(DriverCommandExecutor.java:83)
	at org.openqa.selenium.remote.RemoteWebDriver.execute(RemoteWebDriver.java:601)
	at org.openqa.selenium.remote.RemoteWebDriver.findElement(RemoteWebDriver.java:371)
	at org.openqa.selenium.remote.RemoteWebDriver.findElementByXPath(RemoteWebDriver.java:473)
	at org.openqa.selenium.By$ByXPath.findElement(By.java:361)
	at org.openqa.selenium.remote.RemoteWebDriver.findElement(RemoteWebDriver.java:363)
	at com.visionit.freecrm.com.visionit.freecrm.testcases.LoginPageTc.verifyloginToCrmProTest(LoginPageTc.java:46)
	at sun.reflect.NativeMethodAccessorImpl.invoke0(Native Method)
	at sun.reflect.NativeMethodAccessorImpl.invoke(Unknown Source)
	at sun.reflect.DelegatingMethodAccessorImpl.invoke(Unknown Source)
	at java.lang.reflect.Method.invoke(Unknown Source)
	at org.testng.internal.MethodInvocationHelper.invokeMethod(MethodInvocationHelper.java:80)
	at org.testng.internal.Invoker.invokeMethod(Invoker.java:714)
	at org.testng.internal.Invoker.invokeTestMethod(Invoker.java:901)
	at org.testng.internal.Invoker.invokeTestMethods(Invoker.java:1231)
	at org.testng.internal.TestMethodWorker.invokeTestMethods(TestMethodWorker.java:127)
	at org.testng.internal.TestMethodWorker.run(TestMethodWorker.java:111)
	at org.testng.TestRunner.privateRun(TestRunner.java:767)
	at org.testng.TestRunner.run(TestRunner.java:617)
	at org.testng.SuiteRunner.runTest(SuiteRunner.java:334)
	at org.testng.SuiteRunner.runSequentially(SuiteRunner.java:329)
	at org.testng.SuiteRunner.privateRun(SuiteRunner.java:291)
	at org.testng.SuiteRunner.run(SuiteRunner.java:240)
	at org.testng.SuiteRunnerWorker.runSuite(SuiteRunnerWorker.java:52)
	at org.testng.SuiteRunnerWorker.run(SuiteRunnerWorker.java:86)
	at org.testng.TestNG.runSuitesSequentially(TestNG.java:1198)
	at org.testng.TestNG.runSuitesLocally(TestNG.java:1123)
	at org.testng.TestNG.run(TestNG.java:1031)
	at org.testng.remote.AbstractRemoteTestNG.run(AbstractRemoteTestNG.java:126)
	at org.testng.remote.RemoteTestNG.initAndRun(RemoteTestNG.java:137)
	at org.testng.remote.RemoteTestNG.main(RemoteTestNG.java:58)
]]>
            </full-stacktrace>
          </exception> <!-- org.openqa.selenium.NoSuchElementException -->
          <reporter-output>
            <line>
              <![CDATA[Create login Test before start it..]]>
            </line>
          </reporter-output>
        </test-method> <!-- verifyloginToCrmProTest -->
        <test-method status="PASS" signature="tearDown(org.testng.ITestResult)[pri:0, instance:com.visionit.freecrm.com.visionit.freecrm.testcases.LoginPageTc@55f3ddb1]" name="tearDown" is-config="true" duration-ms="890" started-at="2019-10-06T10:25:57Z" finished-at="2019-10-06T10:25:58Z">
          <params>
            <param index="0">
              <value>
                <![CDATA[[TestResult name=verifyloginToCrmProTest status=FAILURE method=LoginPageTc.verifyloginToCrmProTest(java.lang.String, java.lang.String)[pri:0, instance:com.visionit.freecrm.com.visionit.freecrm.testcases.LoginPageTc@55f3ddb1] output=Create login Test before start it..]]]>
              </value>
            </param>
          </params>
          <reporter-output>
            <line>
              <![CDATA[Test is about to end...]]>
            </line>
          </reporter-output>
        </test-method> <!-- tearDown -->
      </class> <!-- com.visionit.freecrm.com.visionit.freecrm.testcases.LoginPageTc -->
    </test> <!-- Default test -->
  </suite> <!-- Default suite -->
</testng-results>
